This file contains any messages produced by compilers while
running configure, to aid debugging if configure makes a mistake.

It was created by xf86-input-cmt configure 0.0.1, which was
generated by GNU Autoconf 2.69.  Invocation command line was

  $ ./configure --prefix=/usr

## --------- ##
## Platform. ##
## --------- ##

hostname = pixelbook
uname -m = x86_64
uname -r = 5.4.27_1
uname -s = Linux
uname -v = #1 SMP PREEMPT Sat Mar 21 09:34:54 UTC 2020

/usr/bin/uname -p = unknown
/bin/uname -X     = unknown

/bin/arch              = x86_64
/usr/bin/arch -k       = unknown
/usr/convex/getsysinfo = unknown
/usr/bin/hostinfo      = unknown
/bin/machine           = unknown
/usr/bin/oslevel       = unknown
/bin/universe          = unknown

PATH: /usr/local/bin
PATH: /bin
PATH: /usr/bin
PATH: /usr/local/sbin
PATH: /usr/sbin
PATH: /sbin


## ----------- ##
## Core tests. ##
## ----------- ##

configure:2270: checking for a BSD-compatible install
configure:2338: result: /bin/install -c
configure:2349: checking whether build environment is sane
configure:2404: result: yes
configure:2555: checking for a thread-safe mkdir -p
configure:2594: result: /bin/mkdir -p
configure:2601: checking for gawk
configure:2617: found /bin/gawk
configure:2628: result: gawk
configure:2639: checking whether make sets $(MAKE)
configure:2661: result: yes
configure:2690: checking whether make supports nested variables
configure:2707: result: yes
configure:2834: checking whether to enable maintainer-specific portions of Makefiles
configure:2843: result: no
configure:2918: checking build system type
configure:2932: result: x86_64-unknown-linux-gnu
configure:2952: checking host system type
configure:2965: result: x86_64-unknown-linux-gnu
configure:3006: checking how to print strings
configure:3033: result: printf
configure:3066: checking for style of include used by make
configure:3094: result: GNU
configure:3165: checking for gcc
configure:3181: found /bin/gcc
configure:3192: result: gcc
configure:3421: checking for C compiler version
configure:3430: gcc --version >&5
gcc (GCC) 9.3.0
Copyright (C) 2019 Free Software Foundation, Inc.
This is free software; see the source for copying conditions.  There is NO
warranty; not even for MERCHANTABILITY or FITNESS FOR A PARTICULAR PURPOSE.

configure:3441: $? = 0
configure:3430: gcc -v >&5
Using built-in specs.
COLLECT_GCC=gcc
COLLECT_LTO_WRAPPER=/usr/lib/gcc/x86_64-unknown-linux-gnu/9.3.0/lto-wrapper
Target: x86_64-unknown-linux-gnu
Configured with: /builddir/gcc-9.3.0/configure --build=x86_64-unknown-linux-gnu --enable-fast-character --enable-vtable-verify --prefix=/usr --mandir=/usr/share/man --infodir=/usr/share/info --libexecdir=/usr/lib --libdir=/usr/lib --enable-threads=posix --enable-__cxa_atexit --disable-multilib --with-system-zlib --enable-shared --enable-lto --enable-plugins --enable-linker-build-id --disable-werror --disable-nls --enable-default-pie --enable-default-ssp --enable-checking=release --disable-libstdcxx-pch --with-isl --with-linker-hash-style=gnu --disable-libunwind-exceptions --disable-target-libiberty --enable-serial-configure --enable-languages=c,c++,objc,obj-c++,fortran,lto,go,ada
Thread model: posix
gcc version 9.3.0 (GCC) 
configure:3441: $? = 0
configure:3430: gcc -V >&5
gcc: error: unrecognized command line option '-V'
gcc: fatal error: no input files
compilation terminated.
configure:3441: $? = 1
configure:3430: gcc -qversion >&5
gcc: error: unrecognized command line option '-qversion'; did you mean '--version'?
gcc: fatal error: no input files
compilation terminated.
configure:3441: $? = 1
configure:3461: checking whether the C compiler works
configure:3483: gcc    conftest.c  >&5
configure:3487: $? = 0
configure:3535: result: yes
configure:3538: checking for C compiler default output file name
configure:3540: result: a.out
configure:3546: checking for suffix of executables
configure:3553: gcc -o conftest    conftest.c  >&5
configure:3557: $? = 0
configure:3579: result: 
configure:3601: checking whether we are cross compiling
configure:3609: gcc -o conftest    conftest.c  >&5
configure:3613: $? = 0
configure:3620: ./conftest
configure:3624: $? = 0
configure:3639: result: no
configure:3644: checking for suffix of object files
configure:3666: gcc -c   conftest.c >&5
configure:3670: $? = 0
configure:3691: result: o
configure:3695: checking whether we are using the GNU C compiler
configure:3714: gcc -c   conftest.c >&5
configure:3714: $? = 0
configure:3723: result: yes
configure:3732: checking whether gcc accepts -g
configure:3752: gcc -c -g  conftest.c >&5
configure:3752: $? = 0
configure:3793: result: yes
configure:3810: checking for gcc option to accept ISO C89
configure:3873: gcc  -c -g -O2  conftest.c >&5
configure:3873: $? = 0
configure:3886: result: none needed
configure:3911: checking whether gcc understands -c and -o together
configure:3933: gcc -c conftest.c -o conftest2.o
configure:3936: $? = 0
configure:3933: gcc -c conftest.c -o conftest2.o
configure:3936: $? = 0
configure:3948: result: yes
configure:3967: checking dependency style of gcc
configure:4078: result: gcc3
configure:4093: checking for a sed that does not truncate output
configure:4157: result: /bin/sed
configure:4175: checking for grep that handles long lines and -e
configure:4233: result: /bin/grep
configure:4238: checking for egrep
configure:4300: result: /bin/grep -E
configure:4305: checking for fgrep
configure:4367: result: /bin/grep -F
configure:4402: checking for ld used by gcc
configure:4469: result: /bin/ld
configure:4476: checking if the linker (/bin/ld) is GNU ld
configure:4491: result: yes
configure:4503: checking for BSD- or MS-compatible name lister (nm)
configure:4552: result: /bin/nm -B
configure:4682: checking the name lister (/bin/nm -B) interface
configure:4689: gcc -c -g -O2  conftest.c >&5
configure:4692: /bin/nm -B "conftest.o"
configure:4695: output
0000000000000000 B some_variable
configure:4702: result: BSD nm
configure:4705: checking whether ln -s works
configure:4709: result: yes
configure:4717: checking the maximum length of command line arguments
configure:4848: result: 1572864
configure:4865: checking whether the shell understands some XSI constructs
configure:4875: result: yes
configure:4879: checking whether the shell understands "+="
configure:4885: result: no
configure:4920: checking how to convert x86_64-unknown-linux-gnu file names to x86_64-unknown-linux-gnu format
configure:4960: result: func_convert_file_noop
configure:4967: checking how to convert x86_64-unknown-linux-gnu file names to toolchain format
configure:4987: result: func_convert_file_noop
configure:4994: checking for /bin/ld option to reload object files
configure:5001: result: -r
configure:5075: checking for objdump
configure:5091: found /bin/objdump
configure:5102: result: objdump
configure:5134: checking how to recognize dependent libraries
configure:5332: result: pass_all
configure:5417: checking for dlltool
configure:5447: result: no
configure:5477: checking how to associate runtime and link libraries
configure:5504: result: printf %s\n
configure:5565: checking for ar
configure:5581: found /bin/ar
configure:5592: result: ar
configure:5629: checking for archiver @FILE support
configure:5646: gcc -c -g -O2  conftest.c >&5
configure:5646: $? = 0
configure:5649: ar cru libconftest.a @conftest.lst >&5
ar: `u' modifier ignored since `D' is the default (see `U')
configure:5652: $? = 0
configure:5657: ar cru libconftest.a @conftest.lst >&5
ar: `u' modifier ignored since `D' is the default (see `U')
ar: conftest.o: No such file or directory
configure:5660: $? = 1
configure:5672: result: @
configure:5730: checking for strip
configure:5746: found /bin/strip
configure:5757: result: strip
configure:5829: checking for ranlib
configure:5845: found /bin/ranlib
configure:5856: result: ranlib
configure:5958: checking command to parse /bin/nm -B output from gcc object
configure:6078: gcc -c -g -O2  conftest.c >&5
configure:6081: $? = 0
configure:6085: /bin/nm -B conftest.o \| sed -n -e 's/^.*[ ]\([ABCDGIRSTW][ABCDGIRSTW]*\)[ ][ ]*\([_A-Za-z][_A-Za-z0-9]*\)$/  /p' | sed '/ __gnu_lto/d' \> conftest.nm
configure:6088: $? = 0
configure:6154: gcc -o conftest -g -O2   conftest.c conftstm.o >&5
configure:6157: $? = 0
configure:6195: result: ok
configure:6232: checking for sysroot
configure:6262: result: no
configure:6339: gcc -c -g -O2  conftest.c >&5
configure:6342: $? = 0
configure:6531: checking for mt
configure:6561: result: no
configure:6581: checking if : is a manifest tool
configure:6587: : '-?'
configure:6595: result: no
configure:7237: checking how to run the C preprocessor
configure:7268: gcc -E  conftest.c
configure:7268: $? = 0
configure:7282: gcc -E  conftest.c
conftest.c:11:10: fatal error: ac_nonexistent.h: No such file or directory
   11 | #include <ac_nonexistent.h>
      |          ^~~~~~~~~~~~~~~~~~
compilation terminated.
configure:7282: $? = 1
configure: failed program was:
| /* confdefs.h */
| #define PACKAGE_NAME "xf86-input-cmt"
| #define PACKAGE_TARNAME "xf86-input-cmt"
| #define PACKAGE_VERSION "0.0.1"
| #define PACKAGE_STRING "xf86-input-cmt 0.0.1"
| #define PACKAGE_BUGREPORT "http://crosbug.com/"
| #define PACKAGE_URL ""
| #define PACKAGE "xf86-input-cmt"
| #define VERSION "0.0.1"
| /* end confdefs.h.  */
| #include <ac_nonexistent.h>
configure:7307: result: gcc -E
configure:7327: gcc -E  conftest.c
configure:7327: $? = 0
configure:7341: gcc -E  conftest.c
conftest.c:11:10: fatal error: ac_nonexistent.h: No such file or directory
   11 | #include <ac_nonexistent.h>
      |          ^~~~~~~~~~~~~~~~~~
compilation terminated.
configure:7341: $? = 1
configure: failed program was:
| /* confdefs.h */
| #define PACKAGE_NAME "xf86-input-cmt"
| #define PACKAGE_TARNAME "xf86-input-cmt"
| #define PACKAGE_VERSION "0.0.1"
| #define PACKAGE_STRING "xf86-input-cmt 0.0.1"
| #define PACKAGE_BUGREPORT "http://crosbug.com/"
| #define PACKAGE_URL ""
| #define PACKAGE "xf86-input-cmt"
| #define VERSION "0.0.1"
| /* end confdefs.h.  */
| #include <ac_nonexistent.h>
configure:7370: checking for ANSI C header files
configure:7390: gcc -c -g -O2  conftest.c >&5
configure:7390: $? = 0
configure:7463: gcc -o conftest -g -O2   conftest.c  >&5
configure:7463: $? = 0
configure:7463: ./conftest
configure:7463: $? = 0
configure:7474: result: yes
configure:7487: checking for sys/types.h
configure:7487: gcc -c -g -O2  conftest.c >&5
configure:7487: $? = 0
configure:7487: result: yes
configure:7487: checking for sys/stat.h
configure:7487: gcc -c -g -O2  conftest.c >&5
configure:7487: $? = 0
configure:7487: result: yes
configure:7487: checking for stdlib.h
configure:7487: gcc -c -g -O2  conftest.c >&5
configure:7487: $? = 0
configure:7487: result: yes
configure:7487: checking for string.h
configure:7487: gcc -c -g -O2  conftest.c >&5
configure:7487: $? = 0
configure:7487: result: yes
configure:7487: checking for memory.h
configure:7487: gcc -c -g -O2  conftest.c >&5
configure:7487: $? = 0
configure:7487: result: yes
configure:7487: checking for strings.h
configure:7487: gcc -c -g -O2  conftest.c >&5
configure:7487: $? = 0
configure:7487: result: yes
configure:7487: checking for inttypes.h
configure:7487: gcc -c -g -O2  conftest.c >&5
configure:7487: $? = 0
configure:7487: result: yes
configure:7487: checking for stdint.h
configure:7487: gcc -c -g -O2  conftest.c >&5
configure:7487: $? = 0
configure:7487: result: yes
configure:7487: checking for unistd.h
configure:7487: gcc -c -g -O2  conftest.c >&5
configure:7487: $? = 0
configure:7487: result: yes
configure:7501: checking for dlfcn.h
configure:7501: gcc -c -g -O2  conftest.c >&5
configure:7501: $? = 0
configure:7501: result: yes
configure:7677: checking for objdir
configure:7692: result: .libs
configure:7959: checking if gcc supports -fno-rtti -fno-exceptions
configure:7977: gcc -c -g -O2  -fno-rtti -fno-exceptions conftest.c >&5
cc1: warning: command line option '-fno-rtti' is valid for C++/D/ObjC++ but not for C
configure:7981: $? = 0
configure:7994: result: no
configure:8321: checking for gcc option to produce PIC
configure:8328: result: -fPIC -DPIC
configure:8336: checking if gcc PIC flag -fPIC -DPIC works
configure:8354: gcc -c -g -O2  -fPIC -DPIC -DPIC conftest.c >&5
configure:8358: $? = 0
configure:8371: result: yes
configure:8400: checking if gcc static flag -static works
configure:8428: result: yes
configure:8443: checking if gcc supports -c -o file.o
configure:8464: gcc -c -g -O2  -o out/conftest2.o conftest.c >&5
configure:8468: $? = 0
configure:8490: result: yes
configure:8498: checking if gcc supports -c -o file.o
configure:8545: result: yes
configure:8578: checking whether the gcc linker (/bin/ld -m elf_x86_64) supports shared libraries
configure:9735: result: yes
configure:9772: checking whether -lc should be explicitly linked in
configure:9780: gcc -c -g -O2  conftest.c >&5
configure:9783: $? = 0
configure:9798: gcc -shared  -fPIC -DPIC conftest.o  -v -Wl,-soname -Wl,conftest -o conftest 2\>\&1 \| /bin/grep  -lc  \>/dev/null 2\>\&1
configure:9801: $? = 0
configure:9815: result: no
configure:9975: checking dynamic linker characteristics
configure:10475: gcc -o conftest -g -O2   -Wl,-rpath -Wl,/foo conftest.c  >&5
configure:10475: $? = 0
configure:10709: result: GNU/Linux ld.so
configure:10816: checking how to hardcode library paths into programs
configure:10841: result: immediate
configure:11381: checking whether stripping libraries is possible
configure:11386: result: yes
configure:11421: checking if libtool supports shared libraries
configure:11423: result: yes
configure:11426: checking whether to build shared libraries
configure:11447: result: yes
configure:11450: checking whether to build static libraries
configure:11454: result: no
configure:11504: checking for gcc option to accept ISO C99
configure:11653: gcc  -c -g -O2  conftest.c >&5
configure:11653: $? = 0
configure:11666: result: none needed
configure:11685: checking whether __clang__ is declared
configure:11685: gcc -c -g -O2  conftest.c >&5
conftest.c: In function 'main':
conftest.c:63:10: error: '__clang__' undeclared (first use in this function)
   63 |   (void) __clang__;
      |          ^~~~~~~~~
conftest.c:63:10: note: each undeclared identifier is reported only once for each function it appears in
configure:11685: $? = 1
configure: failed program was:
| /* confdefs.h */
| #define PACKAGE_NAME "xf86-input-cmt"
| #define PACKAGE_TARNAME "xf86-input-cmt"
| #define PACKAGE_VERSION "0.0.1"
| #define PACKAGE_STRING "xf86-input-cmt 0.0.1"
| #define PACKAGE_BUGREPORT "http://crosbug.com/"
| #define PACKAGE_URL ""
| #define PACKAGE "xf86-input-cmt"
| #define VERSION "0.0.1"
| #define STDC_HEADERS 1
| #define HAVE_SYS_TYPES_H 1
| #define HAVE_SYS_STAT_H 1
| #define HAVE_STDLIB_H 1
| #define HAVE_STRING_H 1
| #define HAVE_MEMORY_H 1
| #define HAVE_STRINGS_H 1
| #define HAVE_INTTYPES_H 1
| #define HAVE_STDINT_H 1
| #define HAVE_UNISTD_H 1
| #define HAVE_DLFCN_H 1
| #define LT_OBJDIR ".libs/"
| /* end confdefs.h.  */
| #include <stdio.h>
| #ifdef HAVE_SYS_TYPES_H
| # include <sys/types.h>
| #endif
| #ifdef HAVE_SYS_STAT_H
| # include <sys/stat.h>
| #endif
| #ifdef STDC_HEADERS
| # include <stdlib.h>
| # include <stddef.h>
| #else
| # ifdef HAVE_STDLIB_H
| #  include <stdlib.h>
| # endif
| #endif
| #ifdef HAVE_STRING_H
| # if !defined STDC_HEADERS && defined HAVE_MEMORY_H
| #  include <memory.h>
| # endif
| # include <string.h>
| #endif
| #ifdef HAVE_STRINGS_H
| # include <strings.h>
| #endif
| #ifdef HAVE_INTTYPES_H
| # include <inttypes.h>
| #endif
| #ifdef HAVE_STDINT_H
| # include <stdint.h>
| #endif
| #ifdef HAVE_UNISTD_H
| # include <unistd.h>
| #endif
| int
| main ()
| {
| #ifndef __clang__
| #ifdef __cplusplus
|   (void) __clang__;
| #else
|   (void) __clang__;
| #endif
| #endif
| 
|   ;
|   return 0;
| }
configure:11685: result: no
configure:11692: checking whether __INTEL_COMPILER is declared
configure:11692: gcc -c -g -O2  conftest.c >&5
conftest.c: In function 'main':
conftest.c:63:10: error: '__INTEL_COMPILER' undeclared (first use in this function)
   63 |   (void) __INTEL_COMPILER;
      |          ^~~~~~~~~~~~~~~~
conftest.c:63:10: note: each undeclared identifier is reported only once for each function it appears in
configure:11692: $? = 1
configure: failed program was:
| /* confdefs.h */
| #define PACKAGE_NAME "xf86-input-cmt"
| #define PACKAGE_TARNAME "xf86-input-cmt"
| #define PACKAGE_VERSION "0.0.1"
| #define PACKAGE_STRING "xf86-input-cmt 0.0.1"
| #define PACKAGE_BUGREPORT "http://crosbug.com/"
| #define PACKAGE_URL ""
| #define PACKAGE "xf86-input-cmt"
| #define VERSION "0.0.1"
| #define STDC_HEADERS 1
| #define HAVE_SYS_TYPES_H 1
| #define HAVE_SYS_STAT_H 1
| #define HAVE_STDLIB_H 1
| #define HAVE_STRING_H 1
| #define HAVE_MEMORY_H 1
| #define HAVE_STRINGS_H 1
| #define HAVE_INTTYPES_H 1
| #define HAVE_STDINT_H 1
| #define HAVE_UNISTD_H 1
| #define HAVE_DLFCN_H 1
| #define LT_OBJDIR ".libs/"
| /* end confdefs.h.  */
| #include <stdio.h>
| #ifdef HAVE_SYS_TYPES_H
| # include <sys/types.h>
| #endif
| #ifdef HAVE_SYS_STAT_H
| # include <sys/stat.h>
| #endif
| #ifdef STDC_HEADERS
| # include <stdlib.h>
| # include <stddef.h>
| #else
| # ifdef HAVE_STDLIB_H
| #  include <stdlib.h>
| # endif
| #endif
| #ifdef HAVE_STRING_H
| # if !defined STDC_HEADERS && defined HAVE_MEMORY_H
| #  include <memory.h>
| # endif
| # include <string.h>
| #endif
| #ifdef HAVE_STRINGS_H
| # include <strings.h>
| #endif
| #ifdef HAVE_INTTYPES_H
| # include <inttypes.h>
| #endif
| #ifdef HAVE_STDINT_H
| # include <stdint.h>
| #endif
| #ifdef HAVE_UNISTD_H
| # include <unistd.h>
| #endif
| int
| main ()
| {
| #ifndef __INTEL_COMPILER
| #ifdef __cplusplus
|   (void) __INTEL_COMPILER;
| #else
|   (void) __INTEL_COMPILER;
| #endif
| #endif
| 
|   ;
|   return 0;
| }
configure:11692: result: no
configure:11699: checking whether __SUNPRO_C is declared
configure:11699: gcc -c -g -O2  conftest.c >&5
conftest.c: In function 'main':
conftest.c:63:10: error: '__SUNPRO_C' undeclared (first use in this function)
   63 |   (void) __SUNPRO_C;
      |          ^~~~~~~~~~
conftest.c:63:10: note: each undeclared identifier is reported only once for each function it appears in
configure:11699: $? = 1
configure: failed program was:
| /* confdefs.h */
| #define PACKAGE_NAME "xf86-input-cmt"
| #define PACKAGE_TARNAME "xf86-input-cmt"
| #define PACKAGE_VERSION "0.0.1"
| #define PACKAGE_STRING "xf86-input-cmt 0.0.1"
| #define PACKAGE_BUGREPORT "http://crosbug.com/"
| #define PACKAGE_URL ""
| #define PACKAGE "xf86-input-cmt"
| #define VERSION "0.0.1"
| #define STDC_HEADERS 1
| #define HAVE_SYS_TYPES_H 1
| #define HAVE_SYS_STAT_H 1
| #define HAVE_STDLIB_H 1
| #define HAVE_STRING_H 1
| #define HAVE_MEMORY_H 1
| #define HAVE_STRINGS_H 1
| #define HAVE_INTTYPES_H 1
| #define HAVE_STDINT_H 1
| #define HAVE_UNISTD_H 1
| #define HAVE_DLFCN_H 1
| #define LT_OBJDIR ".libs/"
| /* end confdefs.h.  */
| #include <stdio.h>
| #ifdef HAVE_SYS_TYPES_H
| # include <sys/types.h>
| #endif
| #ifdef HAVE_SYS_STAT_H
| # include <sys/stat.h>
| #endif
| #ifdef STDC_HEADERS
| # include <stdlib.h>
| # include <stddef.h>
| #else
| # ifdef HAVE_STDLIB_H
| #  include <stdlib.h>
| # endif
| #endif
| #ifdef HAVE_STRING_H
| # if !defined STDC_HEADERS && defined HAVE_MEMORY_H
| #  include <memory.h>
| # endif
| # include <string.h>
| #endif
| #ifdef HAVE_STRINGS_H
| # include <strings.h>
| #endif
| #ifdef HAVE_INTTYPES_H
| # include <inttypes.h>
| #endif
| #ifdef HAVE_STDINT_H
| # include <stdint.h>
| #endif
| #ifdef HAVE_UNISTD_H
| # include <unistd.h>
| #endif
| int
| main ()
| {
| #ifndef __SUNPRO_C
| #ifdef __cplusplus
|   (void) __SUNPRO_C;
| #else
|   (void) __SUNPRO_C;
| #endif
| #endif
| 
|   ;
|   return 0;
| }
configure:11699: result: no
configure:11761: checking for pkg-config
configure:11779: found /bin/pkg-config
configure:11791: result: /bin/pkg-config
configure:11816: checking pkg-config is at least version 0.9.0
configure:11819: result: yes
configure:11868: checking if gcc supports -Werror=unknown-warning-option
configure:11877: gcc -c -g -O2 -Werror=unknown-warning-option  conftest.c >&5
cc1: error: '-Werror=unknown-warning-option': no option -Wunknown-warning-option
configure:11877: $? = 1
configure: failed program was:
| /* confdefs.h */
| #define PACKAGE_NAME "xf86-input-cmt"
| #define PACKAGE_TARNAME "xf86-input-cmt"
| #define PACKAGE_VERSION "0.0.1"
| #define PACKAGE_STRING "xf86-input-cmt 0.0.1"
| #define PACKAGE_BUGREPORT "http://crosbug.com/"
| #define PACKAGE_URL ""
| #define PACKAGE "xf86-input-cmt"
| #define VERSION "0.0.1"
| #define STDC_HEADERS 1
| #define HAVE_SYS_TYPES_H 1
| #define HAVE_SYS_STAT_H 1
| #define HAVE_STDLIB_H 1
| #define HAVE_STRING_H 1
| #define HAVE_MEMORY_H 1
| #define HAVE_STRINGS_H 1
| #define HAVE_INTTYPES_H 1
| #define HAVE_STDINT_H 1
| #define HAVE_UNISTD_H 1
| #define HAVE_DLFCN_H 1
| #define LT_OBJDIR ".libs/"
| /* end confdefs.h.  */
| int i;
configure:11884: result: no
configure:11895: checking if gcc supports -Werror=unused-command-line-argument
configure:11904: gcc -c -g -O2 -Werror=unused-command-line-argument  conftest.c >&5
cc1: error: '-Werror=unused-command-line-argument': no option -Wunused-command-line-argument
configure:11904: $? = 1
configure: failed program was:
| /* confdefs.h */
| #define PACKAGE_NAME "xf86-input-cmt"
| #define PACKAGE_TARNAME "xf86-input-cmt"
| #define PACKAGE_VERSION "0.0.1"
| #define PACKAGE_STRING "xf86-input-cmt 0.0.1"
| #define PACKAGE_BUGREPORT "http://crosbug.com/"
| #define PACKAGE_URL ""
| #define PACKAGE "xf86-input-cmt"
| #define VERSION "0.0.1"
| #define STDC_HEADERS 1
| #define HAVE_SYS_TYPES_H 1
| #define HAVE_SYS_STAT_H 1
| #define HAVE_STDLIB_H 1
| #define HAVE_STRING_H 1
| #define HAVE_MEMORY_H 1
| #define HAVE_STRINGS_H 1
| #define HAVE_INTTYPES_H 1
| #define HAVE_STDINT_H 1
| #define HAVE_UNISTD_H 1
| #define HAVE_DLFCN_H 1
| #define LT_OBJDIR ".libs/"
| /* end confdefs.h.  */
| int i;
configure:11911: result: no
configure:11930: checking if gcc supports-Wall
configure:11947: gcc -o conftest -g -O2 -Wall   conftest.c  >&5
configure:11947: $? = 0
configure:11960: result: yes
configure:12048: checking if gcc supports-Wpointer-arith
configure:12065: gcc -o conftest -g -O2 -Wpointer-arith   conftest.c  >&5
configure:12065: $? = 0
configure:12078: result: yes
configure:12166: checking if gcc supports-Wmissing-declarations
configure:12183: gcc -o conftest -g -O2 -Wmissing-declarations   conftest.c  >&5
configure:12183: $? = 0
configure:12196: result: yes
configure:12284: checking if gcc supports-Wformat=2
configure:12301: gcc -o conftest -g -O2 -Wformat=2   conftest.c  >&5
configure:12301: $? = 0
configure:12314: result: yes
configure:12453: checking if gcc supports-Wstrict-prototypes
configure:12470: gcc -o conftest -g -O2 -Wstrict-prototypes   conftest.c  >&5
conftest.c:25:1: warning: function declaration isn't a prototype [-Wstrict-prototypes]
   25 | main ()
      | ^~~~
configure:12470: $? = 0
configure:12483: result: yes
configure:12571: checking if gcc supports-Wmissing-prototypes
configure:12588: gcc -o conftest -g -O2 -Wmissing-prototypes   conftest.c  >&5
configure:12588: $? = 0
configure:12601: result: yes
configure:12689: checking if gcc supports-Wnested-externs
configure:12706: gcc -o conftest -g -O2 -Wnested-externs   conftest.c  >&5
configure:12706: $? = 0
configure:12719: result: yes
configure:12807: checking if gcc supports-Wbad-function-cast
configure:12824: gcc -o conftest -g -O2 -Wbad-function-cast   conftest.c  >&5
configure:12824: $? = 0
configure:12837: result: yes
configure:12925: checking if gcc supports-Wold-style-definition
configure:12942: gcc -o conftest -g -O2 -Wold-style-definition   conftest.c  >&5
conftest.c: In function 'main':
conftest.c:25:1: warning: old-style function definition [-Wold-style-definition]
   25 | main ()
      | ^~~~
configure:12942: $? = 0
configure:12955: result: yes
configure:13043: checking if gcc supports-Wdeclaration-after-statement
configure:13060: gcc -o conftest -g -O2 -Wdeclaration-after-statement   conftest.c  >&5
configure:13060: $? = 0
configure:13073: result: yes
configure:13165: checking if gcc supports-Wunused
configure:13182: gcc -o conftest -g -O2 -Wunused   conftest.c  >&5
configure:13182: $? = 0
configure:13195: result: yes
configure:13283: checking if gcc supports-Wuninitialized
configure:13300: gcc -o conftest -g -O2 -Wuninitialized   conftest.c  >&5
configure:13300: $? = 0
configure:13313: result: yes
configure:13401: checking if gcc supports-Wshadow
configure:13418: gcc -o conftest -g -O2 -Wshadow   conftest.c  >&5
configure:13418: $? = 0
configure:13431: result: yes
configure:13519: checking if gcc supports-Wcast-qual
configure:13536: gcc -o conftest -g -O2 -Wcast-qual   conftest.c  >&5
configure:13536: $? = 0
configure:13549: result: yes
configure:13637: checking if gcc supports-Wmissing-noreturn
configure:13654: gcc -o conftest -g -O2 -Wmissing-noreturn   conftest.c  >&5
configure:13654: $? = 0
configure:13667: result: yes
configure:13755: checking if gcc supports-Wmissing-format-attribute
configure:13772: gcc -o conftest -g -O2 -Wmissing-format-attribute   conftest.c  >&5
configure:13772: $? = 0
configure:13785: result: yes
configure:13873: checking if gcc supports-Wredundant-decls
configure:13890: gcc -o conftest -g -O2 -Wredundant-decls   conftest.c  >&5
configure:13890: $? = 0
configure:13903: result: yes
configure:14003: checking if gcc supports-Werror=implicit
configure:14020: gcc -o conftest -g -O2 -Werror=implicit   conftest.c  >&5
configure:14020: $? = 0
configure:14033: result: yes
configure:14170: checking if gcc supports-Werror=nonnull
configure:14187: gcc -o conftest -g -O2 -Werror=nonnull   conftest.c  >&5
configure:14187: $? = 0
configure:14200: result: yes
configure:14288: checking if gcc supports-Werror=init-self
configure:14305: gcc -o conftest -g -O2 -Werror=init-self   conftest.c  >&5
configure:14305: $? = 0
configure:14318: result: yes
configure:14406: checking if gcc supports-Werror=main
configure:14423: gcc -o conftest -g -O2 -Werror=main   conftest.c  >&5
configure:14423: $? = 0
configure:14436: result: yes
configure:14524: checking if gcc supports-Werror=missing-braces
configure:14541: gcc -o conftest -g -O2 -Werror=missing-braces   conftest.c  >&5
configure:14541: $? = 0
configure:14554: result: yes
configure:14642: checking if gcc supports-Werror=sequence-point
configure:14659: gcc -o conftest -g -O2 -Werror=sequence-point   conftest.c  >&5
configure:14659: $? = 0
configure:14672: result: yes
configure:14760: checking if gcc supports-Werror=return-type
configure:14777: gcc -o conftest -g -O2 -Werror=return-type   conftest.c  >&5
configure:14777: $? = 0
configure:14790: result: yes
configure:14927: checking if gcc supports-Werror=trigraphs
configure:14944: gcc -o conftest -g -O2 -Werror=trigraphs   conftest.c  >&5
configure:14944: $? = 0
configure:14957: result: yes
configure:15045: checking if gcc supports-Werror=array-bounds
configure:15062: gcc -o conftest -g -O2 -Werror=array-bounds   conftest.c  >&5
configure:15062: $? = 0
configure:15075: result: yes
configure:15163: checking if gcc supports-Werror=write-strings
configure:15180: gcc -o conftest -g -O2 -Werror=write-strings   conftest.c  >&5
configure:15180: $? = 0
configure:15193: result: yes
configure:15281: checking if gcc supports-Werror=address
configure:15298: gcc -o conftest -g -O2 -Werror=address   conftest.c  >&5
configure:15298: $? = 0
configure:15311: result: yes
configure:15399: checking if gcc supports-Werror=int-to-pointer-cast
configure:15416: gcc -o conftest -g -O2 -Werror=int-to-pointer-cast   conftest.c  >&5
configure:15416: $? = 0
configure:15429: result: yes
configure:15566: checking if gcc supports-Werror=pointer-to-int-cast
configure:15583: gcc -o conftest -g -O2 -Werror=pointer-to-int-cast   conftest.c  >&5
configure:15583: $? = 0
configure:15596: result: yes
configure:17254: checking if gcc supports-pedantic
configure:17271: gcc -o conftest -g -O2 -pedantic   conftest.c  >&5
configure:17271: $? = 0
configure:17284: result: yes
configure:17372: checking if gcc supports-Werror
configure:17389: gcc -o conftest -g -O2 -Werror   conftest.c  >&5
configure:17389: $? = 0
configure:17402: result: yes
configure:17542: checking if gcc supports-Werror=attributes
configure:17559: gcc -o conftest -g -O2 -Werror=attributes   conftest.c  >&5
configure:17559: $? = 0
configure:17572: result: yes
configure:17732: checking whether make supports nested variables
configure:17749: result: yes
configure:17765: checking for XORG
configure:17772: $PKG_CONFIG --exists --print-errors "xorg-server xproto inputproto"
configure:17775: $? = 0
configure:17789: $PKG_CONFIG --exists --print-errors "xorg-server xproto inputproto"
configure:17792: $? = 0
configure:17850: result: yes
configure:17995: checking that generated files are newer than configure
configure:18001: result: done
configure:18028: creating ./config.status

## ---------------------- ##
## Running config.status. ##
## ---------------------- ##

This file was extended by xf86-input-cmt config.status 0.0.1, which was
generated by GNU Autoconf 2.69.  Invocation command line was

  CONFIG_FILES    = 
  CONFIG_HEADERS  = 
  CONFIG_LINKS    = 
  CONFIG_COMMANDS = 
  $ ./config.status 

on pixelbook

config.status:1128: creating Makefile
config.status:1128: creating src/Makefile
config.status:1128: creating include/Makefile
config.status:1128: creating man/Makefile
config.status:1128: creating xorg-cmt.pc
config.status:1128: creating config.h
config.status:1309: config.h is unchanged
config.status:1357: executing depfiles commands
config.status:1357: executing libtool commands

## ---------------- ##
## Cache variables. ##
## ---------------- ##

ac_cv_build='x86_64-unknown-linux-gnu'
ac_cv_c_compiler_gnu='yes'
ac_cv_env_CC_set=''
ac_cv_env_CC_value=''
ac_cv_env_CFLAGS_set=''
ac_cv_env_CFLAGS_value=''
ac_cv_env_CPPFLAGS_set=''
ac_cv_env_CPPFLAGS_value=''
ac_cv_env_CPP_set=''
ac_cv_env_CPP_value=''
ac_cv_env_LDFLAGS_set=''
ac_cv_env_LDFLAGS_value=''
ac_cv_env_LIBS_set=''
ac_cv_env_LIBS_value=''
ac_cv_env_PKG_CONFIG_LIBDIR_set=''
ac_cv_env_PKG_CONFIG_LIBDIR_value=''
ac_cv_env_PKG_CONFIG_PATH_set=''
ac_cv_env_PKG_CONFIG_PATH_value=''
ac_cv_env_PKG_CONFIG_set=''
ac_cv_env_PKG_CONFIG_value=''
ac_cv_env_XORG_CFLAGS_set=''
ac_cv_env_XORG_CFLAGS_value=''
ac_cv_env_XORG_LIBS_set=''
ac_cv_env_XORG_LIBS_value=''
ac_cv_env_build_alias_set=''
ac_cv_env_build_alias_value=''
ac_cv_env_host_alias_set=''
ac_cv_env_host_alias_value=''
ac_cv_env_target_alias_set=''
ac_cv_env_target_alias_value=''
ac_cv_have_decl___INTEL_COMPILER='no'
ac_cv_have_decl___SUNPRO_C='no'
ac_cv_have_decl___clang__='no'
ac_cv_header_dlfcn_h='yes'
ac_cv_header_inttypes_h='yes'
ac_cv_header_memory_h='yes'
ac_cv_header_stdc='yes'
ac_cv_header_stdint_h='yes'
ac_cv_header_stdlib_h='yes'
ac_cv_header_string_h='yes'
ac_cv_header_strings_h='yes'
ac_cv_header_sys_stat_h='yes'
ac_cv_header_sys_types_h='yes'
ac_cv_header_unistd_h='yes'
ac_cv_host='x86_64-unknown-linux-gnu'
ac_cv_objext='o'
ac_cv_path_EGREP='/bin/grep -E'
ac_cv_path_FGREP='/bin/grep -F'
ac_cv_path_GREP='/bin/grep'
ac_cv_path_SED='/bin/sed'
ac_cv_path_ac_pt_PKG_CONFIG='/bin/pkg-config'
ac_cv_path_install='/bin/install -c'
ac_cv_path_mkdir='/bin/mkdir'
ac_cv_prog_AWK='gawk'
ac_cv_prog_CPP='gcc -E'
ac_cv_prog_ac_ct_AR='ar'
ac_cv_prog_ac_ct_CC='gcc'
ac_cv_prog_ac_ct_OBJDUMP='objdump'
ac_cv_prog_ac_ct_RANLIB='ranlib'
ac_cv_prog_ac_ct_STRIP='strip'
ac_cv_prog_cc_c89=''
ac_cv_prog_cc_c99=''
ac_cv_prog_cc_g='yes'
ac_cv_prog_make_make_set='yes'
am_cv_CC_dependencies_compiler_type='gcc3'
am_cv_make_support_nested_variables='yes'
am_cv_prog_cc_c_o='yes'
lt_cv_ar_at_file='@'
lt_cv_archive_cmds_need_lc='no'
lt_cv_deplibs_check_method='pass_all'
lt_cv_file_magic_cmd='$MAGIC_CMD'
lt_cv_file_magic_test_file=''
lt_cv_ld_reload_flag='-r'
lt_cv_nm_interface='BSD nm'
lt_cv_objdir='.libs'
lt_cv_path_LD='/bin/ld'
lt_cv_path_NM='/bin/nm -B'
lt_cv_path_mainfest_tool='no'
lt_cv_prog_compiler_c_o='yes'
lt_cv_prog_compiler_pic='-fPIC -DPIC'
lt_cv_prog_compiler_pic_works='yes'
lt_cv_prog_compiler_rtti_exceptions='no'
lt_cv_prog_compiler_static_works='yes'
lt_cv_prog_gnu_ld='yes'
lt_cv_sharedlib_from_linklib_cmd='printf %s\n'
lt_cv_shlibpath_overrides_runpath='no'
lt_cv_sys_global_symbol_pipe='sed -n -e '"'"'s/^.*[	 ]\([ABCDGIRSTW][ABCDGIRSTW]*\)[	 ][	 ]*\([_A-Za-z][_A-Za-z0-9]*\)$/\1 \2 \2/p'"'"' | sed '"'"'/ __gnu_lto/d'"'"
lt_cv_sys_global_symbol_to_c_name_address='sed -n -e '"'"'s/^: \([^ ]*\)[ ]*$/  {\"\1\", (void *) 0},/p'"'"' -e '"'"'s/^[ABCDGIRSTW]* \([^ ]*\) \([^ ]*\)$/  {"\2", (void *) \&\2},/p'"'"
lt_cv_sys_global_symbol_to_c_name_address_lib_prefix='sed -n -e '"'"'s/^: \([^ ]*\)[ ]*$/  {\"\1\", (void *) 0},/p'"'"' -e '"'"'s/^[ABCDGIRSTW]* \([^ ]*\) \(lib[^ ]*\)$/  {"\2", (void *) \&\2},/p'"'"' -e '"'"'s/^[ABCDGIRSTW]* \([^ ]*\) \([^ ]*\)$/  {"lib\2", (void *) \&\2},/p'"'"
lt_cv_sys_global_symbol_to_cdecl='sed -n -e '"'"'s/^T .* \(.*\)$/extern int \1();/p'"'"' -e '"'"'s/^[ABCDGIRSTW]* .* \(.*\)$/extern char \1;/p'"'"
lt_cv_sys_max_cmd_len='1572864'
lt_cv_to_host_file_cmd='func_convert_file_noop'
lt_cv_to_tool_file_cmd='func_convert_file_noop'
pkg_cv_XORG_CFLAGS='-fvisibility=hidden -I/usr/include/xorg -I/usr/include/pixman-1'
pkg_cv_XORG_LIBS=''
xorg_cv_cc_flag__Wall='yes'
xorg_cv_cc_flag__Wbad_function_cast='yes'
xorg_cv_cc_flag__Wcast_qual='yes'
xorg_cv_cc_flag__Wdeclaration_after_statement='yes'
xorg_cv_cc_flag__Werror='yes'
xorg_cv_cc_flag__Werror_address='yes'
xorg_cv_cc_flag__Werror_array_bounds='yes'
xorg_cv_cc_flag__Werror_attributes='yes'
xorg_cv_cc_flag__Werror_implicit='yes'
xorg_cv_cc_flag__Werror_init_self='yes'
xorg_cv_cc_flag__Werror_int_to_pointer_cast='yes'
xorg_cv_cc_flag__Werror_main='yes'
xorg_cv_cc_flag__Werror_missing_braces='yes'
xorg_cv_cc_flag__Werror_nonnull='yes'
xorg_cv_cc_flag__Werror_pointer_to_int_cast='yes'
xorg_cv_cc_flag__Werror_return_type='yes'
xorg_cv_cc_flag__Werror_sequence_point='yes'
xorg_cv_cc_flag__Werror_trigraphs='yes'
xorg_cv_cc_flag__Werror_write_strings='yes'
xorg_cv_cc_flag__Wformat_2='yes'
xorg_cv_cc_flag__Wmissing_declarations='yes'
xorg_cv_cc_flag__Wmissing_format_attribute='yes'
xorg_cv_cc_flag__Wmissing_noreturn='yes'
xorg_cv_cc_flag__Wmissing_prototypes='yes'
xorg_cv_cc_flag__Wnested_externs='yes'
xorg_cv_cc_flag__Wold_style_definition='yes'
xorg_cv_cc_flag__Wpointer_arith='yes'
xorg_cv_cc_flag__Wredundant_decls='yes'
xorg_cv_cc_flag__Wshadow='yes'
xorg_cv_cc_flag__Wstrict_prototypes='yes'
xorg_cv_cc_flag__Wuninitialized='yes'
xorg_cv_cc_flag__Wunused='yes'
xorg_cv_cc_flag__pedantic='yes'
xorg_cv_cc_flag_unknown_warning_option='no'
xorg_cv_cc_flag_unused_command_line_argument='no'

## ----------------- ##
## Output variables. ##
## ----------------- ##

ACLOCAL='${SHELL} /home/getz/compiling/touchpad/xf86-input-cmt/missing aclocal-1.14'
ADMIN_MAN_DIR='$(mandir)/man$(ADMIN_MAN_SUFFIX)'
ADMIN_MAN_SUFFIX='8'
AMDEPBACKSLASH='\'
AMDEP_FALSE='#'
AMDEP_TRUE=''
AMTAR='$${TAR-tar}'
AM_BACKSLASH='\'
AM_DEFAULT_V='$(AM_DEFAULT_VERBOSITY)'
AM_DEFAULT_VERBOSITY='0'
AM_V='$(V)'
APP_MAN_DIR='$(mandir)/man$(APP_MAN_SUFFIX)'
APP_MAN_SUFFIX='1'
AR='ar'
AUTOCONF='${SHELL} /home/getz/compiling/touchpad/xf86-input-cmt/missing autoconf'
AUTOHEADER='${SHELL} /home/getz/compiling/touchpad/xf86-input-cmt/missing autoheader'
AUTOMAKE='${SHELL} /home/getz/compiling/touchpad/xf86-input-cmt/missing automake-1.14'
AWK='gawk'
BASE_CFLAGS=' -Wall -Wpointer-arith -Wmissing-declarations -Wformat=2 -Wstrict-prototypes -Wmissing-prototypes -Wnested-externs -Wbad-function-cast -Wold-style-definition -Wdeclaration-after-statement -Wunused -Wuninitialized -Wshadow -Wcast-qual -Wmissing-noreturn -Wmissing-format-attribute -Wredundant-decls -Werror=implicit -Werror=nonnull -Werror=init-self -Werror=main -Werror=missing-braces -Werror=sequence-point -Werror=return-type -Werror=trigraphs -Werror=array-bounds -Werror=write-strings -Werror=address -Werror=int-to-pointer-cast -Werror=pointer-to-int-cast'
CC='gcc'
CCDEPMODE='depmode=gcc3'
CFLAGS='-g -O2'
CHANGELOG_CMD='(GIT_DIR=$(top_srcdir)/.git git log > $(top_srcdir)/.changelog.tmp && mv $(top_srcdir)/.changelog.tmp $(top_srcdir)/ChangeLog) || (rm -f $(top_srcdir)/.changelog.tmp; touch $(top_srcdir)/ChangeLog; echo '\''git directory not found: installing possibly empty changelog.'\'' >&2)'
CPP='gcc -E'
CPPFLAGS=''
CWARNFLAGS=' -Wall -Wpointer-arith -Wmissing-declarations -Wformat=2 -Wstrict-prototypes -Wmissing-prototypes -Wnested-externs -Wbad-function-cast -Wold-style-definition -Wdeclaration-after-statement -Wunused -Wuninitialized -Wshadow -Wcast-qual -Wmissing-noreturn -Wmissing-format-attribute -Wredundant-decls -Werror=implicit -Werror=nonnull -Werror=init-self -Werror=main -Werror=missing-braces -Werror=sequence-point -Werror=return-type -Werror=trigraphs -Werror=array-bounds -Werror=write-strings -Werror=address -Werror=int-to-pointer-cast -Werror=pointer-to-int-cast -fno-strict-aliasing'
CYGPATH_W='echo'
DEFS='-DHAVE_CONFIG_H'
DEPDIR='.deps'
DLLTOOL='false'
DRIVER_MAN_DIR='$(mandir)/man$(DRIVER_MAN_SUFFIX)'
DRIVER_MAN_SUFFIX='4'
DRIVER_NAME='cmt'
DSYMUTIL=''
DUMPBIN=''
ECHO_C=''
ECHO_N='-n'
ECHO_T=''
EGREP='/bin/grep -E'
EXEEXT=''
FGREP='/bin/grep -F'
FILE_MAN_DIR='$(mandir)/man$(FILE_MAN_SUFFIX)'
FILE_MAN_SUFFIX='5'
GREP='/bin/grep'
INSTALL_CMD='(cp -f /usr/share/util-macros/INSTALL $(top_srcdir)/.INSTALL.tmp && mv $(top_srcdir)/.INSTALL.tmp $(top_srcdir)/INSTALL) || (rm -f $(top_srcdir)/.INSTALL.tmp; touch $(top_srcdir)/INSTALL; echo '\''util-macros "pkgdatadir" from xorg-macros.pc not found: installing possibly empty INSTALL.'\'' >&2)'
INSTALL_DATA='${INSTALL} -m 644'
INSTALL_PROGRAM='${INSTALL}'
INSTALL_SCRIPT='${INSTALL}'
INSTALL_STRIP_PROGRAM='$(install_sh) -c -s'
LD='/bin/ld -m elf_x86_64'
LDFLAGS=''
LIBOBJS=''
LIBS=''
LIBTOOL='$(SHELL) $(top_builddir)/libtool'
LIB_MAN_DIR='$(mandir)/man$(LIB_MAN_SUFFIX)'
LIB_MAN_SUFFIX='3'
LIPO=''
LN_S='ln -s'
LTLIBOBJS=''
MAINT='#'
MAINTAINER_MODE_FALSE=''
MAINTAINER_MODE_TRUE='#'
MAKEINFO='${SHELL} /home/getz/compiling/touchpad/xf86-input-cmt/missing makeinfo'
MANIFEST_TOOL=':'
MAN_SUBSTS='	-e '\''s|__vendorversion__|"$(PACKAGE_STRING)" "$(XORG_MAN_PAGE)"|'\'' 	-e '\''s|__xorgversion__|"$(PACKAGE_STRING)" "$(XORG_MAN_PAGE)"|'\'' 	-e '\''s|__xservername__|Xorg|g'\'' 	-e '\''s|__xconfigfile__|xorg.conf|g'\'' 	-e '\''s|__projectroot__|$(prefix)|g'\'' 	-e '\''s|__apploaddir__|$(appdefaultdir)|g'\'' 	-e '\''s|__appmansuffix__|$(APP_MAN_SUFFIX)|g'\'' 	-e '\''s|__drivermansuffix__|$(DRIVER_MAN_SUFFIX)|g'\'' 	-e '\''s|__adminmansuffix__|$(ADMIN_MAN_SUFFIX)|g'\'' 	-e '\''s|__libmansuffix__|$(LIB_MAN_SUFFIX)|g'\'' 	-e '\''s|__miscmansuffix__|$(MISC_MAN_SUFFIX)|g'\'' 	-e '\''s|__filemansuffix__|$(FILE_MAN_SUFFIX)|g'\'''
MISC_MAN_DIR='$(mandir)/man$(MISC_MAN_SUFFIX)'
MISC_MAN_SUFFIX='7'
MKDIR_P='/bin/mkdir -p'
NM='/bin/nm -B'
NMEDIT=''
OBJDUMP='objdump'
OBJEXT='o'
OTOOL64=''
OTOOL=''
PACKAGE='xf86-input-cmt'
PACKAGE_BUGREPORT='http://crosbug.com/'
PACKAGE_NAME='xf86-input-cmt'
PACKAGE_STRING='xf86-input-cmt 0.0.1'
PACKAGE_TARNAME='xf86-input-cmt'
PACKAGE_URL=''
PACKAGE_VERSION='0.0.1'
PATH_SEPARATOR=':'
PKG_CONFIG='/bin/pkg-config'
PKG_CONFIG_LIBDIR=''
PKG_CONFIG_PATH=''
RANLIB='ranlib'
SED='/bin/sed'
SET_MAKE=''
SHELL='/bin/sh'
STRICT_CFLAGS=' -pedantic -Werror -Werror=attributes'
STRIP='strip'
VERSION='0.0.1'
XORG_CFLAGS='-fvisibility=hidden -I/usr/include/xorg -I/usr/include/pixman-1'
XORG_LIBS=''
XORG_MAN_PAGE='X Version 11'
ac_ct_AR='ar'
ac_ct_CC='gcc'
ac_ct_DUMPBIN=''
am__EXEEXT_FALSE=''
am__EXEEXT_TRUE='#'
am__fastdepCC_FALSE='#'
am__fastdepCC_TRUE=''
am__include='include'
am__isrc=''
am__leading_dot='.'
am__nodep='_no'
am__quote=''
am__tar='$${TAR-tar} chof - "$$tardir"'
am__untar='$${TAR-tar} xf -'
bindir='${exec_prefix}/bin'
build='x86_64-unknown-linux-gnu'
build_alias=''
build_cpu='x86_64'
build_os='linux-gnu'
build_vendor='unknown'
datadir='${datarootdir}'
datarootdir='${prefix}/share'
docdir='${datarootdir}/doc/${PACKAGE_TARNAME}'
dvidir='${docdir}'
exec_prefix='${prefix}'
host='x86_64-unknown-linux-gnu'
host_alias=''
host_cpu='x86_64'
host_os='linux-gnu'
host_vendor='unknown'
htmldir='${docdir}'
includedir='${prefix}/include'
infodir='${datarootdir}/info'
inputdir='${exec_prefix}/lib/xorg/modules/input'
install_sh='${SHELL} /home/getz/compiling/touchpad/xf86-input-cmt/install-sh'
libdir='${exec_prefix}/lib'
libexecdir='${exec_prefix}/libexec'
localedir='${datarootdir}/locale'
localstatedir='${prefix}/var'
mandir='${datarootdir}/man'
mkdir_p='$(MKDIR_P)'
oldincludedir='/usr/include'
pdfdir='${docdir}'
prefix='/usr'
program_transform_name='s,x,x,'
psdir='${docdir}'
sbindir='${exec_prefix}/sbin'
sdkdir='/usr/include/xorg'
sharedstatedir='${prefix}/com'
sysconfdir='${prefix}/etc'
target_alias=''

## ----------- ##
## confdefs.h. ##
## ----------- ##

/* confdefs.h */
#define PACKAGE_NAME "xf86-input-cmt"
#define PACKAGE_TARNAME "xf86-input-cmt"
#define PACKAGE_VERSION "0.0.1"
#define PACKAGE_STRING "xf86-input-cmt 0.0.1"
#define PACKAGE_BUGREPORT "http://crosbug.com/"
#define PACKAGE_URL ""
#define PACKAGE "xf86-input-cmt"
#define VERSION "0.0.1"
#define STDC_HEADERS 1
#define HAVE_SYS_TYPES_H 1
#define HAVE_SYS_STAT_H 1
#define HAVE_STDLIB_H 1
#define HAVE_STRING_H 1
#define HAVE_MEMORY_H 1
#define HAVE_STRINGS_H 1
#define HAVE_INTTYPES_H 1
#define HAVE_STDINT_H 1
#define HAVE_UNISTD_H 1
#define HAVE_DLFCN_H 1
#define LT_OBJDIR ".libs/"
#define PACKAGE_VERSION_MAJOR 0
#define PACKAGE_VERSION_MINOR 0
#define PACKAGE_VERSION_PATCHLEVEL 1

configure: exit 0
